[[0, 0], [1, 1, 2, 3, 4], [2, 5, 6], [3, 7, 8, 9, 10], [4, 11, 12, 13], [5, 14, 15], [6, 16, 17, 18, 19], [7, 20, 21], [8, 22, 23, 24], [9, 25, 26, 27, 28], [10, 29, 30, 31], [11, 32, 33, 34], [12, 35, 36], [13, 37, 38, 39, 40], [14, 41, 42, 43], [15, 44, 45], [16, 46, 47, 48, 49], [17, 50, 51], [18, 52, 53, 54], [19, 55, 56, 57, 58], [20, 59, 60], [21, 61, 62, 63, 64], [22, 65, 66], [23, 67, 68, 69, 70], [24, 71, 72, 73], [25, 74, 75], [26, 76, 77, 78, 79], [27, 80, 81], [28, 82, 83, 84], [29, 85, 86, 87, 88], [30, 89, 90, 91], [31, 92, 93, 94], [32, 95, 96], [33, 97, 98, 99, 100], [34, 101, 102, 103], [35, 104, 105], [36, 106, 107, 108, 109], [37, 110, 111], [38, 112, 113, 114], [39, 115, 116, 117, 118], [40, 119, 120], [41, 121, 122, 123, 124], [42, 125, 126], [43, 127, 128, 129, 130], [44, 131, 132, 133], [45, 134, 135], [46, 136, 137, 138, 139], [47, 140, 141], [48, 142, 143, 144], [49, 145, 146, 147, 148], [50, 149, 150, 151], [51, 152, 153, 154], [52, 155, 156], [53, 157, 158, 159, 160], [54, 161, 162, 163], [55, 164, 165], [56, 166, 167, 168, 169], [57, 170, 171], [58, 172, 173, 174], [59, 175, 176, 177, 178], [60, 179, 180], [61, 181, 182, 183, 184], [62, 185, 186], [63, 187, 188, 189, 190], [64, 191, 192, 193], [65, 194, 195], [66, 196, 197, 198, 199], [67, 200, 201], [68, 202, 203, 204], [69, 205, 206, 207, 208], [70, 209, 210], [71, 211, 212, 213, 214], [72, 215, 216], [73, 217, 218, 219], [74, 220, 221, 222, 223], [75, 224, 225, 226], [76, 227, 228, 229], [77, 230, 231, 232], [78, 233, 234, 235], [79, 236, 237, 238], [80, 239]]
[[0.02083335 0.         0.        ]
 [0.0625     0.         0.        ]
 [0.10416665 0.         0.        ]
 [0.1458335  0.         0.        ]
 [0.1875     0.         0.        ]
 [0.2291665  0.         0.        ]
 [0.2708335  0.         0.        ]
 [0.3125     0.         0.        ]
 [0.3541665  0.         0.        ]
 [0.3958335  0.         0.        ]
 [0.4375     0.         0.        ]
 [0.4791665  0.         0.        ]
 [0.5208335  0.         0.        ]
 [0.5625     0.         0.        ]
 [0.6041665  0.         0.        ]
 [0.6458335  0.         0.        ]
 [0.6875     0.         0.        ]
 [0.7291665  0.         0.        ]
 [0.7708335  0.         0.        ]
 [0.8125     0.         0.        ]
 [0.8541665  0.         0.        ]
 [0.8958335  0.         0.        ]
 [0.9375     0.         0.        ]
 [0.9791665  0.         0.        ]
 [1.020835   0.         0.        ]
 [1.0625     0.         0.        ]
 [1.104165   0.         0.        ]
 [1.145835   0.         0.        ]
 [1.1875     0.         0.        ]
 [1.229165   0.         0.        ]
 [1.270835   0.         0.        ]
 [1.3125     0.         0.        ]
 [1.354165   0.         0.        ]
 [1.395835   0.         0.        ]
 [1.4375     0.         0.        ]
 [1.479165   0.         0.        ]
 [1.520835   0.         0.        ]
 [1.5625     0.         0.        ]
 [1.604165   0.         0.        ]
 [1.645835   0.         0.        ]
 [1.6875     0.         0.        ]
 [1.729165   0.         0.        ]
 [1.770835   0.         0.        ]
 [1.8125     0.         0.        ]
 [1.854165   0.         0.        ]
 [1.895835   0.         0.        ]
 [1.9375     0.         0.        ]
 [1.979165   0.         0.        ]
 [2.020835   0.         0.        ]
 [2.0625     0.         0.        ]
 [2.104165   0.         0.        ]
 [2.145835   0.         0.        ]
 [2.1875     0.         0.        ]
 [2.229165   0.         0.        ]
 [2.270835   0.         0.        ]
 [2.3125     0.         0.        ]
 [2.354165   0.         0.        ]
 [2.395835   0.         0.        ]
 [2.4375     0.         0.        ]
 [2.479165   0.         0.        ]
 [2.520835   0.         0.        ]
 [2.5625     0.         0.        ]
 [2.604165   0.         0.        ]
 [2.645835   0.         0.        ]
 [2.6875     0.         0.        ]
 [2.729165   0.         0.        ]
 [2.770835   0.         0.        ]
 [2.8125     0.         0.        ]
 [2.854165   0.         0.        ]
 [2.895835   0.         0.        ]
 [2.9375     0.         0.        ]
 [2.979165   0.         0.        ]
 [3.020835   0.         0.        ]
 [3.0625     0.         0.        ]
 [3.104165   0.         0.        ]
 [3.145835   0.         0.        ]
 [3.1875     0.         0.        ]
 [3.229165   0.         0.        ]
 [3.270835   0.         0.        ]
 [3.3125     0.         0.        ]
 [3.354165   0.         0.        ]
 [3.395835   0.         0.        ]
 [3.4375     0.         0.        ]
 [3.479165   0.         0.        ]
 [3.520835   0.         0.        ]
 [3.5625     0.         0.        ]
 [3.604165   0.         0.        ]
 [3.645835   0.         0.        ]
 [3.6875     0.         0.        ]
 [3.729165   0.         0.        ]
 [3.770835   0.         0.        ]
 [3.8125     0.         0.        ]
 [3.854165   0.         0.        ]
 [3.895835   0.         0.        ]
 [3.9375     0.         0.        ]
 [3.979165   0.         0.        ]
 [4.020835   0.         0.        ]
 [4.0625     0.         0.        ]
 [4.104165   0.         0.        ]
 [4.145835   0.         0.        ]
 [4.1875     0.         0.        ]
 [4.229165   0.         0.        ]
 [4.270835   0.         0.        ]
 [4.3125     0.         0.        ]
 [4.354165   0.         0.        ]
 [4.395835   0.         0.        ]
 [4.4375     0.         0.        ]
 [4.479165   0.         0.        ]
 [4.520835   0.         0.        ]
 [4.5625     0.         0.        ]
 [4.604165   0.         0.        ]
 [4.645835   0.         0.        ]
 [4.6875     0.         0.        ]
 [4.729165   0.         0.        ]
 [4.770835   0.         0.        ]
 [4.8125     0.         0.        ]
 [4.854165   0.         0.        ]
 [4.895835   0.         0.        ]
 [4.9375     0.         0.        ]
 [4.979165   0.         0.        ]
 [5.020835   0.         0.        ]
 [5.0625     0.         0.        ]
 [5.104165   0.         0.        ]
 [5.145835   0.         0.        ]
 [5.1875     0.         0.        ]
 [5.229165   0.         0.        ]
 [5.270835   0.         0.        ]
 [5.3125     0.         0.        ]
 [5.354165   0.         0.        ]
 [5.395835   0.         0.        ]
 [5.4375     0.         0.        ]
 [5.479165   0.         0.        ]
 [5.520835   0.         0.        ]
 [5.5625     0.         0.        ]
 [5.604165   0.         0.        ]
 [5.645835   0.         0.        ]
 [5.6875     0.         0.        ]
 [5.729165   0.         0.        ]
 [5.770835   0.         0.        ]
 [5.8125     0.         0.        ]
 [5.854165   0.         0.        ]
 [5.895835   0.         0.        ]
 [5.9375     0.         0.        ]
 [5.979165   0.         0.        ]
 [6.020835   0.         0.        ]
 [6.0625     0.         0.        ]
 [6.104165   0.         0.        ]
 [6.145835   0.         0.        ]
 [6.1875     0.         0.        ]
 [6.229165   0.         0.        ]
 [6.270835   0.         0.        ]
 [6.3125     0.         0.        ]
 [6.354165   0.         0.        ]
 [6.395835   0.         0.        ]
 [6.4375     0.         0.        ]
 [6.479165   0.         0.        ]
 [6.520835   0.         0.        ]
 [6.5625     0.         0.        ]
 [6.604165   0.         0.        ]
 [6.645835   0.         0.        ]
 [6.6875     0.         0.        ]
 [6.729165   0.         0.        ]
 [6.770835   0.         0.        ]
 [6.8125     0.         0.        ]
 [6.854165   0.         0.        ]
 [6.895835   0.         0.        ]
 [6.9375     0.         0.        ]
 [6.979165   0.         0.        ]
 [7.020835   0.         0.        ]
 [7.0625     0.         0.        ]
 [7.104165   0.         0.        ]
 [7.145835   0.         0.        ]
 [7.1875     0.         0.        ]
 [7.229165   0.         0.        ]
 [7.270835   0.         0.        ]
 [7.3125     0.         0.        ]
 [7.354165   0.         0.        ]
 [7.395835   0.         0.        ]
 [7.4375     0.         0.        ]
 [7.479165   0.         0.        ]
 [7.520835   0.         0.        ]
 [7.5625     0.         0.        ]
 [7.604165   0.         0.        ]
 [7.645835   0.         0.        ]
 [7.6875     0.         0.        ]
 [7.729165   0.         0.        ]
 [7.770835   0.         0.        ]
 [7.8125     0.         0.        ]
 [7.854165   0.         0.        ]
 [7.895835   0.         0.        ]
 [7.9375     0.         0.        ]
 [7.979165   0.         0.        ]
 [8.020835   0.         0.        ]
 [8.0625     0.         0.        ]
 [8.104165   0.         0.        ]
 [8.145835   0.         0.        ]
 [8.1875     0.         0.        ]
 [8.229165   0.         0.        ]
 [8.270835   0.         0.        ]
 [8.3125     0.         0.        ]
 [8.354165   0.         0.        ]
 [8.395835   0.         0.        ]
 [8.4375     0.         0.        ]
 [8.479165   0.         0.        ]
 [8.520835   0.         0.        ]
 [8.5625     0.         0.        ]
 [8.604165   0.         0.        ]
 [8.645835   0.         0.        ]
 [8.6875     0.         0.        ]
 [8.729165   0.         0.        ]
 [8.770835   0.         0.        ]
 [8.8125     0.         0.        ]
 [8.854165   0.         0.        ]
 [8.895835   0.         0.        ]
 [8.9375     0.         0.        ]
 [8.979165   0.         0.        ]
 [9.020835   0.         0.        ]
 [9.0625     0.         0.        ]
 [9.104165   0.         0.        ]
 [9.145835   0.         0.        ]
 [9.1875     0.         0.        ]
 [9.229165   0.         0.        ]
 [9.270835   0.         0.        ]
 [9.3125     0.         0.        ]
 [9.354165   0.         0.        ]
 [9.395835   0.         0.        ]
 [9.4375     0.         0.        ]
 [9.479165   0.         0.        ]
 [9.520835   0.         0.        ]
 [9.5625     0.         0.        ]
 [9.604165   0.         0.        ]
 [9.645835   0.         0.        ]
 [9.6875     0.         0.        ]
 [9.729165   0.         0.        ]
 [9.770835   0.         0.        ]
 [9.8125     0.         0.        ]
 [9.854165   0.         0.        ]
 [9.895835   0.         0.        ]
 [9.9375     0.         0.        ]
 [9.979165   0.         0.        ]]
(240, 3)
[[0, 0], [1, 1, 2, 3, 4], [2, 5, 6], [3, 7, 8, 9, 10], [4, 11, 12, 13], [5, 14, 15], [6, 16, 17, 18, 19], [7, 20, 21], [8, 22, 23, 24], [9, 25, 26, 27, 28], [10, 29, 30, 31], [11, 32, 33, 34], [12, 35, 36], [13, 37, 38, 39, 40], [14, 41, 42, 43], [15, 44, 45], [16, 46, 47, 48, 49], [17, 50, 51], [18, 52, 53, 54], [19, 55, 56, 57, 58], [20, 59, 60], [21, 61, 62, 63, 64], [22, 65, 66], [23, 67, 68, 69, 70], [24, 71, 72, 73], [25, 74, 75], [26, 76, 77, 78, 79], [27, 80, 81], [28, 82, 83, 84], [29, 85, 86, 87, 88], [30, 89, 90, 91], [31, 92, 93, 94], [32, 95, 96], [33, 97, 98, 99, 100], [34, 101, 102, 103], [35, 104, 105], [36, 106, 107, 108, 109], [37, 110, 111], [38, 112, 113, 114], [39, 115, 116, 117, 118], [40, 119, 120], [41, 121, 122, 123, 124], [42, 125, 126], [43, 127, 128, 129, 130], [44, 131, 132, 133], [45, 134, 135], [46, 136, 137, 138, 139], [47, 140, 141], [48, 142, 143, 144], [49, 145, 146, 147, 148], [50, 149, 150, 151], [51, 152, 153, 154], [52, 155, 156], [53, 157, 158, 159, 160], [54, 161, 162, 163], [55, 164, 165], [56, 166, 167, 168, 169], [57, 170, 171], [58, 172, 173, 174], [59, 175, 176, 177, 178], [60, 179, 180], [61, 181, 182, 183, 184], [62, 185, 186], [63, 187, 188, 189, 190], [64, 191, 192, 193], [65, 194, 195], [66, 196, 197, 198, 199], [67, 200, 201], [68, 202, 203, 204], [69, 205, 206, 207, 208], [70, 209, 210], [71, 211, 212, 213, 214], [72, 215, 216], [73, 217, 218, 219], [74, 220, 221, 222, 223], [75, 224, 225, 226], [76, 227, 228, 229], [77, 230, 231, 232], [78, 233, 234, 235], [79, 236, 237, 238], [80, 239]]
[[0.02083335 0.         0.        ]
 [0.0625     0.         0.        ]
 [0.10416665 0.         0.        ]
 [0.1458335  0.         0.        ]
 [0.1875     0.         0.        ]
 [0.2291665  0.         0.        ]
 [0.2708335  0.         0.        ]
 [0.3125     0.         0.        ]
 [0.3541665  0.         0.        ]
 [0.3958335  0.         0.        ]
 [0.4375     0.         0.        ]
 [0.4791665  0.         0.        ]
 [0.5208335  0.         0.        ]
 [0.5625     0.         0.        ]
 [0.6041665  0.         0.        ]
 [0.6458335  0.         0.        ]
 [0.6875     0.         0.        ]
 [0.7291665  0.         0.        ]
 [0.7708335  0.         0.        ]
 [0.8125     0.         0.        ]
 [0.8541665  0.         0.        ]
 [0.8958335  0.         0.        ]
 [0.9375     0.         0.        ]
 [0.9791665  0.         0.        ]
 [1.020835   0.         0.        ]
 [1.0625     0.         0.        ]
 [1.104165   0.         0.        ]
 [1.145835   0.         0.        ]
 [1.1875     0.         0.        ]
 [1.229165   0.         0.        ]
 [1.270835   0.         0.        ]
 [1.3125     0.         0.        ]
 [1.354165   0.         0.        ]
 [1.395835   0.         0.        ]
 [1.4375     0.         0.        ]
 [1.479165   0.         0.        ]
 [1.520835   0.         0.        ]
 [1.5625     0.         0.        ]
 [1.604165   0.         0.        ]
 [1.645835   0.         0.        ]
 [1.6875     0.         0.        ]
 [1.729165   0.         0.        ]
 [1.770835   0.         0.        ]
 [1.8125     0.         0.        ]
 [1.854165   0.         0.        ]
 [1.895835   0.         0.        ]
 [1.9375     0.         0.        ]
 [1.979165   0.         0.        ]
 [2.020835   0.         0.        ]
 [2.0625     0.         0.        ]
 [2.104165   0.         0.        ]
 [2.145835   0.         0.        ]
 [2.1875     0.         0.        ]
 [2.229165   0.         0.        ]
 [2.270835   0.         0.        ]
 [2.3125     0.         0.        ]
 [2.354165   0.         0.        ]
 [2.395835   0.         0.        ]
 [2.4375     0.         0.        ]
 [2.479165   0.         0.        ]
 [2.520835   0.         0.        ]
 [2.5625     0.         0.        ]
 [2.604165   0.         0.        ]
 [2.645835   0.         0.        ]
 [2.6875     0.         0.        ]
 [2.729165   0.         0.        ]
 [2.770835   0.         0.        ]
 [2.8125     0.         0.        ]
 [2.854165   0.         0.        ]
 [2.895835   0.         0.        ]
 [2.9375     0.         0.        ]
 [2.979165   0.         0.        ]
 [3.020835   0.         0.        ]
 [3.0625     0.         0.        ]
 [3.104165   0.         0.        ]
 [3.145835   0.         0.        ]
 [3.1875     0.         0.        ]
 [3.229165   0.         0.        ]
 [3.270835   0.         0.        ]
 [3.3125     0.         0.        ]
 [3.354165   0.         0.        ]
 [3.395835   0.         0.        ]
 [3.4375     0.         0.        ]
 [3.479165   0.         0.        ]
 [3.520835   0.         0.        ]
 [3.5625     0.         0.        ]
 [3.604165   0.         0.        ]
 [3.645835   0.         0.        ]
 [3.6875     0.         0.        ]
 [3.729165   0.         0.        ]
 [3.770835   0.         0.        ]
 [3.8125     0.         0.        ]
 [3.854165   0.         0.        ]
 [3.895835   0.         0.        ]
 [3.9375     0.         0.        ]
 [3.979165   0.         0.        ]
 [4.020835   0.         0.        ]
 [4.0625     0.         0.        ]
 [4.104165   0.         0.        ]
 [4.145835   0.         0.        ]
 [4.1875     0.         0.        ]
 [4.229165   0.         0.        ]
 [4.270835   0.         0.        ]
 [4.3125     0.         0.        ]
 [4.354165   0.         0.        ]
 [4.395835   0.         0.        ]
 [4.4375     0.         0.        ]
 [4.479165   0.         0.        ]
 [4.520835   0.         0.        ]
 [4.5625     0.         0.        ]
 [4.604165   0.         0.        ]
 [4.645835   0.         0.        ]
 [4.6875     0.         0.        ]
 [4.729165   0.         0.        ]
 [4.770835   0.         0.        ]
 [4.8125     0.         0.        ]
 [4.854165   0.         0.        ]
 [4.895835   0.         0.        ]
 [4.9375     0.         0.        ]
 [4.979165   0.         0.        ]
 [5.020835   0.         0.        ]
 [5.0625     0.         0.        ]
 [5.104165   0.         0.        ]
 [5.145835   0.         0.        ]
 [5.1875     0.         0.        ]
 [5.229165   0.         0.        ]
 [5.270835   0.         0.        ]
 [5.3125     0.         0.        ]
 [5.354165   0.         0.        ]
 [5.395835   0.         0.        ]
 [5.4375     0.         0.        ]
 [5.479165   0.         0.        ]
 [5.520835   0.         0.        ]
 [5.5625     0.         0.        ]
 [5.604165   0.         0.        ]
 [5.645835   0.         0.        ]
 [5.6875     0.         0.        ]
 [5.729165   0.         0.        ]
 [5.770835   0.         0.        ]
 [5.8125     0.         0.        ]
 [5.854165   0.         0.        ]
 [5.895835   0.         0.        ]
 [5.9375     0.         0.        ]
 [5.979165   0.         0.        ]
 [6.020835   0.         0.        ]
 [6.0625     0.         0.        ]
 [6.104165   0.         0.        ]
 [6.145835   0.         0.        ]
 [6.1875     0.         0.        ]
 [6.229165   0.         0.        ]
 [6.270835   0.         0.        ]
 [6.3125     0.         0.        ]
 [6.354165   0.         0.        ]
 [6.395835   0.         0.        ]
 [6.4375     0.         0.        ]
 [6.479165   0.         0.        ]
 [6.520835   0.         0.        ]
 [6.5625     0.         0.        ]
 [6.604165   0.         0.        ]
 [6.645835   0.         0.        ]
 [6.6875     0.         0.        ]
 [6.729165   0.         0.        ]
 [6.770835   0.         0.        ]
 [6.8125     0.         0.        ]
 [6.854165   0.         0.        ]
 [6.895835   0.         0.        ]
 [6.9375     0.         0.        ]
 [6.979165   0.         0.        ]
 [7.020835   0.         0.        ]
 [7.0625     0.         0.        ]
 [7.104165   0.         0.        ]
 [7.145835   0.         0.        ]
 [7.1875     0.         0.        ]
 [7.229165   0.         0.        ]
 [7.270835   0.         0.        ]
 [7.3125     0.         0.        ]
 [7.354165   0.         0.        ]
 [7.395835   0.         0.        ]
 [7.4375     0.         0.        ]
 [7.479165   0.         0.        ]
 [7.520835   0.         0.        ]
 [7.5625     0.         0.        ]
 [7.604165   0.         0.        ]
 [7.645835   0.         0.        ]
 [7.6875     0.         0.        ]
 [7.729165   0.         0.        ]
 [7.770835   0.         0.        ]
 [7.8125     0.         0.        ]
 [7.854165   0.         0.        ]
 [7.895835   0.         0.        ]
 [7.9375     0.         0.        ]
 [7.979165   0.         0.        ]
 [8.020835   0.         0.        ]
 [8.0625     0.         0.        ]
 [8.104165   0.         0.        ]
 [8.145835   0.         0.        ]
 [8.1875     0.         0.        ]
 [8.229165   0.         0.        ]
 [8.270835   0.         0.        ]
 [8.3125     0.         0.        ]
 [8.354165   0.         0.        ]
 [8.395835   0.         0.        ]
 [8.4375     0.         0.        ]
 [8.479165   0.         0.        ]
 [8.520835   0.         0.        ]
 [8.5625     0.         0.        ]
 [8.604165   0.         0.        ]
 [8.645835   0.         0.        ]
 [8.6875     0.         0.        ]
 [8.729165   0.         0.        ]
 [8.770835   0.         0.        ]
 [8.8125     0.         0.        ]
 [8.854165   0.         0.        ]
 [8.895835   0.         0.        ]
 [8.9375     0.         0.        ]
 [8.979165   0.         0.        ]
 [9.020835   0.         0.        ]
 [9.0625     0.         0.        ]
 [9.104165   0.         0.        ]
 [9.145835   0.         0.        ]
 [9.1875     0.         0.        ]
 [9.229165   0.         0.        ]
 [9.270835   0.         0.        ]
 [9.3125     0.         0.        ]
 [9.354165   0.         0.        ]
 [9.395835   0.         0.        ]
 [9.4375     0.         0.        ]
 [9.479165   0.         0.        ]
 [9.520835   0.         0.        ]
 [9.5625     0.         0.        ]
 [9.604165   0.         0.        ]
 [9.645835   0.         0.        ]
 [9.6875     0.         0.        ]
 [9.729165   0.         0.        ]
 [9.770835   0.         0.        ]
 [9.8125     0.         0.        ]
 [9.854165   0.         0.        ]
 [9.895835   0.         0.        ]
 [9.9375     0.         0.        ]
 [9.979165   0.         0.        ]]
(240, 3)
